

Microchip Technology PIC LITE Macro Assembler V1.37 build -260352376 
                                                                                               Sun May 29 15:42:31 2016

Microchip Technology Omniscient Code Generator v1.37 (Free mode) build 201603110536
     1                           	processor	12F675
     2                           	opt	pw 120
     3                           	opt	lm
     4                           	psect	cinit,global,class=CODE,merge=1,delta=2
     5                           	psect	cstackCOMMON,global,class=COMMON,space=1,delta=1
     6                           	psect	cstackBANK0,global,class=BANK0,space=1,delta=1
     7                           	psect	maintext,global,class=CODE,split=1,delta=2
     8                           	dabs	1,0x5E,2
     9  0000                     	;# 
    10  0001                     	;# 
    11  0002                     	;# 
    12  0003                     	;# 
    13  0004                     	;# 
    14  0005                     	;# 
    15  000A                     	;# 
    16  000B                     	;# 
    17  000C                     	;# 
    18  000E                     	;# 
    19  000E                     	;# 
    20  000F                     	;# 
    21  0010                     	;# 
    22  0019                     	;# 
    23  001E                     	;# 
    24  001F                     	;# 
    25  0081                     	;# 
    26  0085                     	;# 
    27  008C                     	;# 
    28  008E                     	;# 
    29  0090                     	;# 
    30  0095                     	;# 
    31  0096                     	;# 
    32  0096                     	;# 
    33  0099                     	;# 
    34  009A                     	;# 
    35  009A                     	;# 
    36  009B                     	;# 
    37  009C                     	;# 
    38  009D                     	;# 
    39  009E                     	;# 
    40  009F                     	;# 
    41  0019                     _CMCON	set	25
    42  009F                     _ANSELbits	set	159
    43  0085                     _TRISIObits	set	133
    44  0099                     _VRCON	set	153
    45                           
    46                           ; #config settings
    47  0000                     
    48                           	psect	cinit
    49  03FD                     start_initialization:	
    50  03FD                     __initialization:	
    51  03FD                     end_of_initialization:	
    52                           ;End of C runtime variable initialization code
    53                           
    54  03FD                     __end_of__initialization:	
    55  03FD  0183               	clrf	3
    56  03FE  2BF3               	ljmp	_main	;jump to C main() function
    57                           
    58                           	psect	cstackCOMMON
    59  0000                     __pcstackCOMMON:	
    60  0000                     ??_main:	
    61                           
    62                           	psect	cstackBANK0
    63  0000                     __pcstackBANK0:	
    64                           ; 1 bytes @ 0x0
    65                           
    66  0000                     ?_main:	
    67                           
    68                           	psect	maintext
    69  03F3                     __pmaintext:	
    70                           ; 2 bytes @ 0x0
    71 ;;
    72 ;;Main: autosize = 0, tempsize = 0, incstack = 0, save=0
    73 ;;
    74 ;; *************** function _main *****************
    75 ;; Defined at:
    76 ;;		line 22 in file "LedOnOff_c_main.c"
    77 ;; Parameters:    Size  Location     Type
    78 ;;		None
    79 ;; Auto vars:     Size  Location     Type
    80 ;;		None
    81 ;; Return value:  Size  Location     Type
    82 ;;                  2   10[None  ] int 
    83 ;; Registers used:
    84 ;;		wreg
    85 ;; Tracked objects:
    86 ;;		On entry : B00/0
    87 ;;		On exit  : 0/0
    88 ;;		Unchanged: 0/0
    89 ;; Data sizes:     COMMON   BANK0
    90 ;;      Params:         0       0
    91 ;;      Locals:         0       0
    92 ;;      Temps:          0       0
    93 ;;      Totals:         0       0
    94 ;;Total ram usage:        0 bytes
    95 ;; This function calls:
    96 ;;		Nothing
    97 ;; This function is called by:
    98 ;;		Startup code after reset
    99 ;; This function uses a non-reentrant model
   100 ;;
   101                           
   102                           
   103                           ;psect for function _main
   104  03F3                     _main:	
   105                           
   106                           ;LedOnOff_c_main.c: 25: TRISIObits.TRISIO1=1;
   107                           
   108                           ;incstack = 0
   109                           ; Regs used in _main: [wreg]
   110  03F3  1683               	bsf	3,5	;RP0=1, select bank1
   111  03F4  1485               	bsf	5,1	;volatile
   112                           
   113                           ;LedOnOff_c_main.c: 26: TRISIObits.TRISIO2=0;
   114  03F5  1105               	bcf	5,2	;volatile
   115                           
   116                           ;LedOnOff_c_main.c: 29: ANSELbits.ANS2=0;
   117  03F6  111F               	bcf	31,2	;volatile
   118                           
   119                           ;LedOnOff_c_main.c: 32: VRCON = 0b10000000;
   120  03F7  3080               	movlw	128
   121  03F8  0099               	movwf	25	;volatile
   122                           
   123                           ;LedOnOff_c_main.c: 35: CMCON = 0b00000011;
   124  03F9  3003               	movlw	3
   125  03FA  1283               	bcf	3,5	;RP0=0, select bank0
   126  03FB  0099               	movwf	25	;volatile
   127  03FC                     l11:	
   128                           ;LedOnOff_c_main.c: 39: while(1)
   129                           
   130                           
   131                           ;LedOnOff_c_main.c: 40: {
   132  03FC  2BFC               	goto	l11
   133  03FD                     __end_of_main:	
   134                           ;LedOnOff_c_main.c: 42: }
   135                           ;LedOnOff_c_main.c: 44: return (0);
   136                           ;	Return value of _main is never used
   137                           
   138  005E                     btemp	set	94	;btemp
   139  005E                     wtemp	set	94
   140  005E                     wtemp0	set	94
   141  0060                     wtemp1	set	96
   142  0062                     wtemp2	set	98
   143  0064                     wtemp3	set	100
   144  0066                     wtemp4	set	102
   145  0068                     wtemp5	set	104
   146  005F                     wtemp6	set	95
   147  005E                     ttemp	set	94
   148  005E                     ttemp0	set	94
   149  0061                     ttemp1	set	97
   150  0064                     ttemp2	set	100
   151  0067                     ttemp3	set	103
   152  005F                     ttemp4	set	95
   153  005E                     ltemp	set	94
   154  005E                     ltemp0	set	94
   155  0062                     ltemp1	set	98
   156  0066                     ltemp2	set	102
   157  0060                     ltemp3	set	96


Data Sizes:
    Strings     0
    Constant    0
    Data        0
    BSS         0
    Persistent  0
    Stack       0

Auto Spaces:
    Space          Size  Autos    Used
    COMMON            0      0       0
    BANK0            62      0       0

Pointer List with Targets:

    None.

Critical Paths under _main in COMMON

    None.

Critical Paths under _main in BANK0

    None.

Call Graph Tables:

 ---------------------------------------------------------------------------------
 (Depth) Function   	        Calls       Base Space   Used Autos Params    Refs
 ---------------------------------------------------------------------------------
 (0) _main                                                 0     0      0       0
 ---------------------------------------------------------------------------------
 Estimated maximum stack depth 0
 ---------------------------------------------------------------------------------

 Call Graph Graphs:

 _main (ROOT)

 Address spaces:
Name               Size   Autos  Total    Cost      Usage
BITCOMMON            0      0       0       0        0.0%
EEDATA              80      0       0       0        0.0%
NULL                 0      0       0       0        0.0%
CODE                 0      0       0       0        0.0%
BITSFR0              0      0       0       1        0.0%
SFR0                 0      0       0       1        0.0%
COMMON               0      0       0       1        0.0%
BITSFR1              0      0       0       2        0.0%
SFR1                 0      0       0       2        0.0%
STACK                0      0       0       2        0.0%
BITBANK0            3E      0       0       3        0.0%
BANK0               3E      0       0       4        0.0%
ABS                  0      0       0       5        0.0%
DATA                 0      0       0       6        0.0%


Microchip Technology PIC Macro Assembler V1.37 build -260352376 
Symbol Table                                                                                   Sun May 29 15:42:31 2016

            __CFG_CP$OFF 0000                       l11 03FC             __CFG_CPD$OFF 0000  
                   _main 03F3                     btemp 005E                     ltemp 005E  
                   start 0000                     ttemp 005E                     wtemp 005E  
                  ?_main 0000            __CFG_WDTE$OFF 0000                    _CMCON 0019  
                  _VRCON 0099           __CFG_BOREN$OFF 0000                    ltemp0 005E  
                  ltemp1 0062                    ltemp2 0066                    ltemp3 0060  
                  ttemp0 005E                    ttemp1 0061                    ttemp2 0064  
                  ttemp3 0067                    ttemp4 005F                    status 0003  
                  wtemp0 005E                    wtemp1 0060                    wtemp2 0062  
                  wtemp3 0064                    wtemp4 0066                    wtemp5 0068  
                  wtemp6 005F           __CFG_MCLRE$OFF 0000          __initialization 03FD  
           __end_of_main 03FD                   ??_main 0000           __CFG_PWRTE$OFF 0000  
__end_of__initialization 03FD           __pcstackCOMMON 0000               __pmaintext 03F3  
              _ANSELbits 009F     end_of_initialization 03FD      start_initialization 03FD  
              ___latbits 0000            __pcstackBANK0 0000            __size_of_main 000A  
      __CFG_FOSC$INTRCIO 0000               _TRISIObits 0085  
